<?xml version="1.0" encoding="UTF-8"?>
<testng-results ignored="0" total="4" passed="3" failed="1" skipped="0">
  <reporter-output>
  </reporter-output>
  <suite started-at="2022-02-27T21:58:15 IST" name="Suite" finished-at="2022-02-27T22:01:05 IST" duration-ms="169537">
    <groups>
    </groups>
    <test started-at="2022-02-27T21:58:15 IST" name="Test" finished-at="2022-02-27T21:59:23 IST" duration-ms="67777">
      <class name="Academy.FebE2E.validateTittle">
        <test-method signature="basepageValidation()[pri:0, instance:Academy.FebE2E.validateTittle@1115ec15]" started-at="2022-02-27T21:58:15 IST" name="basepageValidation" finished-at="2022-02-27T21:59:16 IST" duration-ms="60706" status="FAIL">
          <exception class="java.lang.AssertionError">
            <message>
              <![CDATA[expected [AN ACADEMY TO LEARN EVERYTHING ABOUT TESTING123] but found [AN ACADEMY TO LEARN EVERYTHING ABOUT TESTING]]]>
            </message>
            <full-stacktrace>
              <![CDATA[java.lang.AssertionError: expected [AN ACADEMY TO LEARN EVERYTHING ABOUT TESTING123] but found [AN ACADEMY TO LEARN EVERYTHING ABOUT TESTING]
at org.testng.Assert.fail(Assert.java:99)
at org.testng.Assert.failNotEquals(Assert.java:1037)
at org.testng.Assert.assertEqualsImpl(Assert.java:140)
at org.testng.Assert.assertEquals(Assert.java:122)
at org.testng.Assert.assertEquals(Assert.java:629)
at org.testng.Assert.assertEquals(Assert.java:639)
at Academy.FebE2E.validateTittle.basepageValidation(validateTittle.java:22)
at java.base/jdk.internal.reflect.NativeMethodAccessorImpl.invoke0(Native Method)
at java.base/jdk.internal.reflect.NativeMethodAccessorImpl.invoke(NativeMethodAccessorImpl.java:77)
at java.base/jdk.internal.reflect.DelegatingMethodAccessorImpl.invoke(DelegatingMethodAccessorImpl.java:43)
at java.base/java.lang.reflect.Method.invoke(Method.java:568)
at org.testng.internal.MethodInvocationHelper.invokeMethod(MethodInvocationHelper.java:133)
at org.testng.internal.TestInvoker.invokeMethod(TestInvoker.java:598)
at org.testng.internal.TestInvoker.invokeTestMethod(TestInvoker.java:173)
at org.testng.internal.MethodRunner.runInSequence(MethodRunner.java:46)
at org.testng.internal.TestInvoker$MethodInvocationAgent.invoke(TestInvoker.java:824)
at org.testng.internal.TestInvoker.invokeTestMethods(TestInvoker.java:146)
at org.testng.internal.TestMethodWorker.invokeTestMethods(TestMethodWorker.java:146)
at org.testng.internal.TestMethodWorker.run(TestMethodWorker.java:128)
at java.base/java.util.ArrayList.forEach(ArrayList.java:1511)
at org.testng.TestRunner.privateRun(TestRunner.java:794)
at org.testng.TestRunner.run(TestRunner.java:596)
at org.testng.SuiteRunner.runTest(SuiteRunner.java:377)
at org.testng.SuiteRunner.runSequentially(SuiteRunner.java:371)
at org.testng.SuiteRunner.privateRun(SuiteRunner.java:332)
at org.testng.SuiteRunner.run(SuiteRunner.java:276)
at org.testng.SuiteRunnerWorker.runSuite(SuiteRunnerWorker.java:53)
at org.testng.SuiteRunnerWorker.run(SuiteRunnerWorker.java:96)
at org.testng.TestNG.runSuitesSequentially(TestNG.java:1212)
at org.testng.TestNG.runSuitesLocally(TestNG.java:1134)
at org.testng.TestNG.runSuites(TestNG.java:1063)
at org.testng.TestNG.run(TestNG.java:1031)
at org.testng.remote.AbstractRemoteTestNG.run(AbstractRemoteTestNG.java:115)
at org.testng.remote.RemoteTestNG.initAndRun(RemoteTestNG.java:251)
at org.testng.remote.RemoteTestNG.main(RemoteTestNG.java:77)
]]>
            </full-stacktrace>
          </exception> <!-- java.lang.AssertionError -->
          <reporter-output>
          </reporter-output>
        </test-method> <!-- basepageValidation -->
        <test-method is-config="true" signature="tearDown()[pri:0, instance:Academy.FebE2E.validateTittle@1115ec15]" started-at="2022-02-27T21:59:17 IST" name="tearDown" finished-at="2022-02-27T21:59:23 IST" duration-ms="5815" status="PASS">
          <reporter-output>
          </reporter-output>
        </test-method> <!-- tearDown -->
      </class> <!-- Academy.FebE2E.validateTittle -->
    </test> <!-- Test -->
    <test started-at="2022-02-27T21:59:24 IST" name="Test1" finished-at="2022-02-27T21:59:24 IST" duration-ms="2">
    </test> <!-- Test1 -->
    <test started-at="2022-02-27T21:59:24 IST" name="Test2" finished-at="2022-02-27T22:00:00 IST" duration-ms="36381">
      <class name="Academy.FebE2E.navbarValidation">
        <test-method is-config="true" signature="initialize()[pri:0, instance:Academy.FebE2E.navbarValidation@3f91b517]" started-at="2022-02-27T21:59:24 IST" name="initialize" finished-at="2022-02-27T21:59:58 IST" duration-ms="33805" status="PASS">
          <reporter-output>
          </reporter-output>
        </test-method> <!-- initialize -->
        <test-method signature="aboutValidation()[pri:0, instance:Academy.FebE2E.navbarValidation@3f91b517]" started-at="2022-02-27T21:59:58 IST" name="aboutValidation" finished-at="2022-02-27T21:59:58 IST" duration-ms="250" status="PASS">
          <reporter-output>
          </reporter-output>
        </test-method> <!-- aboutValidation -->
        <test-method is-config="true" signature="tearDown()[pri:0, instance:Academy.FebE2E.navbarValidation@3f91b517]" started-at="2022-02-27T21:59:58 IST" name="tearDown" finished-at="2022-02-27T22:00:00 IST" duration-ms="2318" status="PASS">
          <reporter-output>
          </reporter-output>
        </test-method> <!-- tearDown -->
      </class> <!-- Academy.FebE2E.navbarValidation -->
    </test> <!-- Test2 -->
    <test started-at="2022-02-27T22:00:00 IST" name="Test3" finished-at="2022-02-27T22:01:05 IST" duration-ms="64599">
      <class name="Academy.FebE2E.HomePage">
        <test-method signature="basepageNavigation(java.lang.String,java.lang.String)[pri:0, instance:Academy.FebE2E.HomePage@2c78d320]" started-at="2022-02-27T22:00:00 IST" name="basepageNavigation" data-provider="getData" finished-at="2022-02-27T22:00:26 IST" duration-ms="25502" status="PASS">
          <params>
            <param index="0">
              <value>
                <![CDATA[priya]]>
              </value>
            </param>
            <param index="1">
              <value>
                <![CDATA[jhdgfjhgfvhjerbf]]>
              </value>
            </param>
          </params>
          <reporter-output>
          </reporter-output>
        </test-method> <!-- basepageNavigation -->
        <test-method signature="basepageNavigation(java.lang.String,java.lang.String)[pri:0, instance:Academy.FebE2E.HomePage@2c78d320]" started-at="2022-02-27T22:00:26 IST" name="basepageNavigation" data-provider="getData" finished-at="2022-02-27T22:01:00 IST" duration-ms="34262" status="PASS">
          <params>
            <param index="0">
              <value>
                <![CDATA[vijayaa]]>
              </value>
            </param>
            <param index="1">
              <value>
                <![CDATA[jdhfkjhf]]>
              </value>
            </param>
          </params>
          <reporter-output>
          </reporter-output>
        </test-method> <!-- basepageNavigation -->
        <test-method is-config="true" signature="tearDown()[pri:0, instance:Academy.FebE2E.HomePage@2c78d320]" started-at="2022-02-27T22:01:00 IST" name="tearDown" finished-at="2022-02-27T22:01:05 IST" duration-ms="4789" status="PASS">
          <reporter-output>
          </reporter-output>
        </test-method> <!-- tearDown -->
      </class> <!-- Academy.FebE2E.HomePage -->
    </test> <!-- Test3 -->
  </suite> <!-- Suite -->
</testng-results>
